<?xml version='1.0'?>
<ns2:test-suite xmlns:ns2='urn:model.allure.qatools.yandex.ru' start='1597137143611' stop='1597137151911'>
    <name>contact us Test</name>
    <title>contact us Test</title>
    <test-cases>
        <test-case start='1597137143612' status='failed' stop='1597137151910'>
            <name>user should be able to receive a confirmation message verify</name>
            <title>user should be able to receive a confirmation message verify</title>
            <labels>
                <label name='language' value='javascript'/>
                <label name='framework' value='wdio'/>
                <label name='thread' value='0-0'/>
            </labels>
            <parameters>
                <parameter kind='argument' name='browser' value='chrome'/>
            </parameters>
            <steps/>
            <attachments/>
            <failure>
                <message>expected 'http://automationpractice.com/index.php' to include 'title'</message>
                <stack-trace>AssertionError: expected 'http://automationpractice.com/index.php' to include 'title'
                    at Context.&lt;anonymous> (C:\Automation\Javascript\webdriverio-test\test\specs\ContactUsTest.js:13:41)
                    at Context.executeSync (C:\Automation\Javascript\webdriverio-test\node_modules\@wdio\sync\build\index.js:56:18)
                    at C:\Automation\Javascript\webdriverio-test\node_modules\@wdio\sync\build\index.js:82:70</stack-trace>
            </failure>
        </test-case>
    </test-cases>
</ns2:test-suite>