<?xml version='1.0'?>
<ns2:test-suite xmlns:ns2='urn:model.allure.qatools.yandex.ru' start='1597146152276' stop='1597146152751'>
    <name>Forgot Password</name>
    <title>Forgot Password</title>
    <test-cases>
        <test-case start='1597146152276' status='failed' stop='1597146152750'>
            <name>user can verify password successfully</name>
            <title>user can verify password successfully</title>
            <labels>
                <label name='language' value='javascript'/>
                <label name='framework' value='wdio'/>
                <label name='thread' value='0-1'/>
            </labels>
            <parameters>
                <parameter kind='argument' name='browser' value='chrome'/>
            </parameters>
            <steps/>
            <attachments/>
            <failure>
                <message>expected false to equal true</message>
                <stack-trace>AssertionError: expected false to equal true
                    at Context.&lt;anonymous> (C:\Automation\Javascript\webdriverio-test\test\specs\ForgotPassword.js:8:44)
                    at Context.executeSync (C:\Automation\Javascript\webdriverio-test\node_modules\@wdio\sync\build\index.js:56:18)
                    at C:\Automation\Javascript\webdriverio-test\node_modules\@wdio\sync\build\index.js:82:70</stack-trace>
            </failure>
        </test-case>
    </test-cases>
</ns2:test-suite>